{
  "stats": {
    "suites": 21,
    "tests": 123,
    "passes": 122,
    "pending": 0,
    "failures": 1,
    "start": "2020-08-18T05:27:42.474Z",
    "end": "2020-08-18T05:27:42.474Z",
    "duration": 87351,
    "testsRegistered": 123,
    "passPercent": 99.1869918699187,
    "pendingPercent": 0,
    "other": 0,
    "hasOther": false,
    "skipped": 0,
    "hasSkipped": false
  },
  "results": [
    {
      "uuid": "5413de15-8cc9-4ab4-b380-5226be142321",
      "title": "",
      "fullFile": "cypress\\integration\\examples\\actions.spec.js",
      "file": "cypress\\integration\\examples\\actions.spec.js",
      "beforeHooks": [],
      "afterHooks": [],
      "tests": [],
      "suites": [
        {
          "uuid": "7112d656-d3b0-4031-b446-93f275b157b4",
          "title": "Actions",
          "fullFile": "",
          "file": "",
          "beforeHooks": [],
          "afterHooks": [],
          "tests": [
            {
              "title": ".type() - type into a DOM element",
              "fullTitle": "Actions .type() - type into a DOM element",
              "timedOut": null,
              "duration": 5417,
              "state": "passed",
              "speed": "slow",
              "pass": true,
              "fail": false,
              "pending": false,
              "context": null,
              "code": "// https://on.cypress.io/type\ncy.get('.action-email')\n    .type('fake@email.com').should('have.value', 'fake@email.com')\n    // .type() with special character sequences\n    .type('{leftarrow}{rightarrow}{uparrow}{downarrow}')\n    .type('{del}{selectall}{backspace}')\n    // .type() with key modifiers\n    .type('{alt}{option}') //these are equivalent\n    .type('{ctrl}{control}') //these are equivalent\n    .type('{meta}{command}{cmd}') //these are equivalent\n    .type('{shift}')\n    // Delay each keypress by 0.1 sec\n    .type('slow.typing@email.com', { delay: 100 })\n    .should('have.value', 'slow.typing@email.com');\ncy.get('.action-disabled')\n    // Ignore error checking prior to type\n    // like whether the input is visible or disabled\n    .type('disabled error checking', { force: true })\n    .should('have.value', 'disabled error checking');",
              "err": {},
              "uuid": "e4e64596-8569-487c-9f04-a718deeda5a9",
              "parentUUID": "7112d656-d3b0-4031-b446-93f275b157b4",
              "isHook": false,
              "skipped": false
            },
            {
              "title": ".focus() - focus on a DOM element",
              "fullTitle": "Actions .focus() - focus on a DOM element",
              "timedOut": null,
              "duration": 324,
              "state": "passed",
              "speed": "slow",
              "pass": true,
              "fail": false,
              "pending": false,
              "context": null,
              "code": "// https://on.cypress.io/focus\ncy.get('.action-focus').focus()\n    .should('have.class', 'focus')\n    .prev().should('have.attr', 'style', 'color: orange;');",
              "err": {},
              "uuid": "1ef79e74-167f-456a-86f3-877d4a09285b",
              "parentUUID": "7112d656-d3b0-4031-b446-93f275b157b4",
              "isHook": false,
              "skipped": false
            },
            {
              "title": ".blur() - blur off a DOM element",
              "fullTitle": "Actions .blur() - blur off a DOM element",
              "timedOut": null,
              "duration": 545,
              "state": "passed",
              "speed": "slow",
              "pass": true,
              "fail": false,
              "pending": false,
              "context": null,
              "code": "// https://on.cypress.io/blur\ncy.get('.action-blur').type('About to blur').blur()\n    .should('have.class', 'error')\n    .prev().should('have.attr', 'style', 'color: red;');",
              "err": {},
              "uuid": "9eb3af32-4fc7-4a75-9ebe-df083a2cb2d7",
              "parentUUID": "7112d656-d3b0-4031-b446-93f275b157b4",
              "isHook": false,
              "skipped": false
            },
            {
              "title": ".clear() - clears an input or textarea element",
              "fullTitle": "Actions .clear() - clears an input or textarea element",
              "timedOut": null,
              "duration": 667,
              "state": "passed",
              "speed": "slow",
              "pass": true,
              "fail": false,
              "pending": false,
              "context": null,
              "code": "// https://on.cypress.io/clear\ncy.get('.action-clear').type('Clear this text')\n    .should('have.value', 'Clear this text')\n    .clear()\n    .should('have.value', '');",
              "err": {},
              "uuid": "cd7d6afa-d75f-4329-a789-02b1d485f573",
              "parentUUID": "7112d656-d3b0-4031-b446-93f275b157b4",
              "isHook": false,
              "skipped": false
            },
            {
              "title": ".submit() - submit a form",
              "fullTitle": "Actions .submit() - submit a form",
              "timedOut": null,
              "duration": 602,
              "state": "passed",
              "speed": "slow",
              "pass": true,
              "fail": false,
              "pending": false,
              "context": null,
              "code": "// https://on.cypress.io/submit\ncy.get('.action-form')\n    .find('[type=\"text\"]').type('HALFOFF');\ncy.get('.action-form').submit()\n    .next().should('contain', 'Your form has been submitted!');",
              "err": {},
              "uuid": "428048e5-eb57-44d4-84fe-135da7d923f3",
              "parentUUID": "7112d656-d3b0-4031-b446-93f275b157b4",
              "isHook": false,
              "skipped": false
            },
            {
              "title": ".click() - click on a DOM element",
              "fullTitle": "Actions .click() - click on a DOM element",
              "timedOut": null,
              "duration": 2270,
              "state": "passed",
              "speed": "slow",
              "pass": true,
              "fail": false,
              "pending": false,
              "context": null,
              "code": "// https://on.cypress.io/click\ncy.get('.action-btn').click();\n// You can click on 9 specific positions of an element:\n//  -----------------------------------\n// | topLeft        top       topRight |\n// |                                   |\n// |                                   |\n// |                                   |\n// | left          center        right |\n// |                                   |\n// |                                   |\n// |                                   |\n// | bottomLeft   bottom   bottomRight |\n//  -----------------------------------\n// clicking in the center of the element is the default\ncy.get('#action-canvas').click();\ncy.get('#action-canvas').click('topLeft');\ncy.get('#action-canvas').click('top');\ncy.get('#action-canvas').click('topRight');\ncy.get('#action-canvas').click('left');\ncy.get('#action-canvas').click('right');\ncy.get('#action-canvas').click('bottomLeft');\ncy.get('#action-canvas').click('bottom');\ncy.get('#action-canvas').click('bottomRight');\n// .click() accepts an x and y coordinate\n// that controls where the click occurs :)\ncy.get('#action-canvas')\n    .click(80, 75) // click 80px on x coord and 75px on y coord\n    .click(170, 75)\n    .click(80, 165)\n    .click(100, 185)\n    .click(125, 190)\n    .click(150, 185)\n    .click(170, 165);\n// click multiple elements by passing multiple: true\ncy.get('.action-labels>.label').click({ multiple: true });\n// Ignore error checking prior to clicking\ncy.get('.action-opacity>.btn').click({ force: true });",
              "err": {},
              "uuid": "51760086-c5e1-464b-9171-85ed200acf18",
              "parentUUID": "7112d656-d3b0-4031-b446-93f275b157b4",
              "isHook": false,
              "skipped": false
            },
            {
              "title": ".dblclick() - double click on a DOM element",
              "fullTitle": "Actions .dblclick() - double click on a DOM element",
              "timedOut": null,
              "duration": 435,
              "state": "passed",
              "speed": "slow",
              "pass": true,
              "fail": false,
              "pending": false,
              "context": null,
              "code": "// https://on.cypress.io/dblclick\n// Our app has a listener on 'dblclick' event in our 'scripts.js'\n// that hides the div and shows an input on double click\ncy.get('.action-div').dblclick().should('not.be.visible');\ncy.get('.action-input-hidden').should('be.visible');",
              "err": {},
              "uuid": "1e11a8eb-f919-42f9-8ce0-3dd3c2635c4b",
              "parentUUID": "7112d656-d3b0-4031-b446-93f275b157b4",
              "isHook": false,
              "skipped": false
            },
            {
              "title": ".rightclick() - right click on a DOM element",
              "fullTitle": "Actions .rightclick() - right click on a DOM element",
              "timedOut": null,
              "duration": 302,
              "state": "passed",
              "speed": "slow",
              "pass": true,
              "fail": false,
              "pending": false,
              "context": null,
              "code": "// https://on.cypress.io/rightclick\n// Our app has a listener on 'contextmenu' event in our 'scripts.js'\n// that hides the div and shows an input on right click\ncy.get('.rightclick-action-div').rightclick().should('not.be.visible');\ncy.get('.rightclick-action-input-hidden').should('be.visible');",
              "err": {},
              "uuid": "7e8b9a99-a4f9-4490-aad4-129427d67a54",
              "parentUUID": "7112d656-d3b0-4031-b446-93f275b157b4",
              "isHook": false,
              "skipped": false
            },
            {
              "title": ".check() - check a checkbox or radio element",
              "fullTitle": "Actions .check() - check a checkbox or radio element",
              "timedOut": null,
              "duration": 1125,
              "state": "passed",
              "speed": "slow",
              "pass": true,
              "fail": false,
              "pending": false,
              "context": null,
              "code": "// https://on.cypress.io/check\n// By default, .check() will check all\n// matching checkbox or radio elements in succession, one after another\ncy.get('.action-checkboxes [type=\"checkbox\"]').not('[disabled]')\n    .check().should('be.checked');\ncy.get('.action-radios [type=\"radio\"]').not('[disabled]')\n    .check().should('be.checked');\n// .check() accepts a value argument\ncy.get('.action-radios [type=\"radio\"]')\n    .check('radio1').should('be.checked');\n// .check() accepts an array of values\ncy.get('.action-multiple-checkboxes [type=\"checkbox\"]')\n    .check(['checkbox1', 'checkbox2']).should('be.checked');\n// Ignore error checking prior to checking\ncy.get('.action-checkboxes [disabled]')\n    .check({ force: true }).should('be.checked');\ncy.get('.action-radios [type=\"radio\"]')\n    .check('radio3', { force: true }).should('be.checked');",
              "err": {},
              "uuid": "47f88165-4dea-4001-9b4e-67a81445c57c",
              "parentUUID": "7112d656-d3b0-4031-b446-93f275b157b4",
              "isHook": false,
              "skipped": false
            },
            {
              "title": ".uncheck() - uncheck a checkbox element",
              "fullTitle": "Actions .uncheck() - uncheck a checkbox element",
              "timedOut": null,
              "duration": 1023,
              "state": "passed",
              "speed": "slow",
              "pass": true,
              "fail": false,
              "pending": false,
              "context": null,
              "code": "// https://on.cypress.io/uncheck\n// By default, .uncheck() will uncheck all matching\n// checkbox elements in succession, one after another\ncy.get('.action-check [type=\"checkbox\"]')\n    .not('[disabled]')\n    .uncheck().should('not.be.checked');\n// .uncheck() accepts a value argument\ncy.get('.action-check [type=\"checkbox\"]')\n    .check('checkbox1')\n    .uncheck('checkbox1').should('not.be.checked');\n// .uncheck() accepts an array of values\ncy.get('.action-check [type=\"checkbox\"]')\n    .check(['checkbox1', 'checkbox3'])\n    .uncheck(['checkbox1', 'checkbox3']).should('not.be.checked');\n// Ignore error checking prior to unchecking\ncy.get('.action-check [disabled]')\n    .uncheck({ force: true }).should('not.be.checked');",
              "err": {},
              "uuid": "cb727695-01ba-4fb5-b4a2-04d909977b2f",
              "parentUUID": "7112d656-d3b0-4031-b446-93f275b157b4",
              "isHook": false,
              "skipped": false
            },
            {
              "title": ".select() - select an option in a <select> element",
              "fullTitle": "Actions .select() - select an option in a <select> element",
              "timedOut": null,
              "duration": 1089,
              "state": "passed",
              "speed": "slow",
              "pass": true,
              "fail": false,
              "pending": false,
              "context": null,
              "code": "// https://on.cypress.io/select\n// at first, no option should be selected\ncy.get('.action-select')\n    .should('have.value', '--Select a fruit--');\n// Select option(s) with matching text content\ncy.get('.action-select').select('apples');\n// confirm the apples were selected\n// note that each value starts with \"fr-\" in our HTML\ncy.get('.action-select').should('have.value', 'fr-apples');\ncy.get('.action-select-multiple')\n    .select(['apples', 'oranges', 'bananas'])\n    // when getting multiple values, invoke \"val\" method first\n    .invoke('val')\n    .should('deep.equal', ['fr-apples', 'fr-oranges', 'fr-bananas']);\n// Select option(s) with matching value\ncy.get('.action-select').select('fr-bananas')\n    // can attach an assertion right away to the element\n    .should('have.value', 'fr-bananas');\ncy.get('.action-select-multiple')\n    .select(['fr-apples', 'fr-oranges', 'fr-bananas'])\n    .invoke('val')\n    .should('deep.equal', ['fr-apples', 'fr-oranges', 'fr-bananas']);\n// assert the selected values include oranges\ncy.get('.action-select-multiple')\n    .invoke('val').should('include', 'fr-oranges');",
              "err": {},
              "uuid": "15989f72-7a90-460b-9de1-39454803a55c",
              "parentUUID": "7112d656-d3b0-4031-b446-93f275b157b4",
              "isHook": false,
              "skipped": false
            },
            {
              "title": ".scrollIntoView() - scroll an element into view",
              "fullTitle": "Actions .scrollIntoView() - scroll an element into view",
              "timedOut": null,
              "duration": 387,
              "state": "passed",
              "speed": "slow",
              "pass": true,
              "fail": false,
              "pending": false,
              "context": null,
              "code": "// https://on.cypress.io/scrollintoview\n// normally all of these buttons are hidden,\n// because they're not within\n// the viewable area of their parent\n// (we need to scroll to see them)\ncy.get('#scroll-horizontal button')\n    .should('not.be.visible');\n// scroll the button into view, as if the user had scrolled\ncy.get('#scroll-horizontal button').scrollIntoView()\n    .should('be.visible');\ncy.get('#scroll-vertical button')\n    .should('not.be.visible');\n// Cypress handles the scroll direction needed\ncy.get('#scroll-vertical button').scrollIntoView()\n    .should('be.visible');\ncy.get('#scroll-both button')\n    .should('not.be.visible');\n// Cypress knows to scroll to the right and down\ncy.get('#scroll-both button').scrollIntoView()\n    .should('be.visible');",
              "err": {},
              "uuid": "d31edb6f-8afd-4c5f-b7df-f87cb0f89059",
              "parentUUID": "7112d656-d3b0-4031-b446-93f275b157b4",
              "isHook": false,
              "skipped": false
            },
            {
              "title": ".trigger() - trigger an event on a DOM element",
              "fullTitle": "Actions .trigger() - trigger an event on a DOM element",
              "timedOut": null,
              "duration": 267,
              "state": "passed",
              "speed": "slow",
              "pass": true,
              "fail": false,
              "pending": false,
              "context": null,
              "code": "// https://on.cypress.io/trigger\n// To interact with a range input (slider)\n// we need to set its value & trigger the\n// event to signal it changed\n// Here, we invoke jQuery's val() method to set\n// the value and trigger the 'change' event\ncy.get('.trigger-input-range')\n    .invoke('val', 25)\n    .trigger('change')\n    .get('input[type=range]').siblings('p')\n    .should('have.text', '25');",
              "err": {},
              "uuid": "5c9fde2d-2b04-4ac7-b6c9-a1b111dd1410",
              "parentUUID": "7112d656-d3b0-4031-b446-93f275b157b4",
              "isHook": false,
              "skipped": false
            },
            {
              "title": "cy.scrollTo() - scroll the window or element to a position",
              "fullTitle": "Actions cy.scrollTo() - scroll the window or element to a position",
              "timedOut": null,
              "duration": 2196,
              "state": "passed",
              "speed": "slow",
              "pass": true,
              "fail": false,
              "pending": false,
              "context": null,
              "code": "// https://on.cypress.io/scrollTo\n// You can scroll to 9 specific positions of an element:\n//  -----------------------------------\n// | topLeft        top       topRight |\n// |                                   |\n// |                                   |\n// |                                   |\n// | left          center        right |\n// |                                   |\n// |                                   |\n// |                                   |\n// | bottomLeft   bottom   bottomRight |\n//  -----------------------------------\n// if you chain .scrollTo() off of cy, we will\n// scroll the entire window\ncy.scrollTo('bottom');\ncy.get('#scrollable-horizontal').scrollTo('right');\n// or you can scroll to a specific coordinate:\n// (x axis, y axis) in pixels\ncy.get('#scrollable-vertical').scrollTo(250, 250);\n// or you can scroll to a specific percentage\n// of the (width, height) of the element\ncy.get('#scrollable-both').scrollTo('75%', '25%');\n// control the easing of the scroll (default is 'swing')\ncy.get('#scrollable-vertical').scrollTo('center', { easing: 'linear' });\n// control the duration of the scroll (in ms)\ncy.get('#scrollable-both').scrollTo('center', { duration: 2000 });",
              "err": {},
              "uuid": "933d1a78-9004-4d57-8fd6-2746c144bc38",
              "parentUUID": "7112d656-d3b0-4031-b446-93f275b157b4",
              "isHook": false,
              "skipped": false
            }
          ],
          "suites": [],
          "passes": [
            "e4e64596-8569-487c-9f04-a718deeda5a9",
            "1ef79e74-167f-456a-86f3-877d4a09285b",
            "9eb3af32-4fc7-4a75-9ebe-df083a2cb2d7",
            "cd7d6afa-d75f-4329-a789-02b1d485f573",
            "428048e5-eb57-44d4-84fe-135da7d923f3",
            "51760086-c5e1-464b-9171-85ed200acf18",
            "1e11a8eb-f919-42f9-8ce0-3dd3c2635c4b",
            "7e8b9a99-a4f9-4490-aad4-129427d67a54",
            "47f88165-4dea-4001-9b4e-67a81445c57c",
            "cb727695-01ba-4fb5-b4a2-04d909977b2f",
            "15989f72-7a90-460b-9de1-39454803a55c",
            "d31edb6f-8afd-4c5f-b7df-f87cb0f89059",
            "5c9fde2d-2b04-4ac7-b6c9-a1b111dd1410",
            "933d1a78-9004-4d57-8fd6-2746c144bc38"
          ],
          "failures": [],
          "pending": [],
          "skipped": [],
          "duration": 16649,
          "root": false,
          "rootEmpty": false,
          "_timeout": 2000
        }
      ],
      "passes": [],
      "failures": [],
      "pending": [],
      "skipped": [],
      "duration": 0,
      "root": true,
      "rootEmpty": true,
      "_timeout": 2000
    },
    {
      "uuid": "84447dd2-93cb-4aeb-9c3a-b2b5c8f618e5",
      "title": "",
      "fullFile": "cypress\\integration\\examples\\aliasing.spec.js",
      "file": "cypress\\integration\\examples\\aliasing.spec.js",
      "beforeHooks": [],
      "afterHooks": [],
      "tests": [],
      "suites": [
        {
          "uuid": "9210ee2f-7f21-4e06-ab92-e7900d9a317d",
          "title": "Aliasing",
          "fullFile": "",
          "file": "",
          "beforeHooks": [],
          "afterHooks": [],
          "tests": [
            {
              "title": ".as() - alias a DOM element for later use",
              "fullTitle": "Aliasing .as() - alias a DOM element for later use",
              "timedOut": null,
              "duration": 803,
              "state": "passed",
              "speed": "slow",
              "pass": true,
              "fail": false,
              "pending": false,
              "context": null,
              "code": "// https://on.cypress.io/as\n// Alias a DOM element for use later\n// We don't have to traverse to the element\n// later in our code, we reference it with @\ncy.get('.as-table').find('tbody>tr')\n    .first().find('td').first()\n    .find('button').as('firstBtn');\n// when we reference the alias, we place an\n// @ in front of its name\ncy.get('@firstBtn').click();\ncy.get('@firstBtn')\n    .should('have.class', 'btn-success')\n    .and('contain', 'Changed');",
              "err": {},
              "uuid": "f7cc714d-cc26-4375-b0e0-3826f36949d9",
              "parentUUID": "9210ee2f-7f21-4e06-ab92-e7900d9a317d",
              "isHook": false,
              "skipped": false
            },
            {
              "title": ".as() - alias a route for later use",
              "fullTitle": "Aliasing .as() - alias a route for later use",
              "timedOut": null,
              "duration": 1222,
              "state": "passed",
              "speed": "slow",
              "pass": true,
              "fail": false,
              "pending": false,
              "context": null,
              "code": "// Alias the route to wait for its response\ncy.server();\ncy.route('GET', 'comments/*').as('getComment');\n// we have code that gets a comment when\n// the button is clicked in scripts.js\ncy.get('.network-btn').click();\n// https://on.cypress.io/wait\ncy.wait('@getComment').its('status').should('eq', 200);",
              "err": {},
              "uuid": "a3181a1c-6f32-493e-9a8e-e92712f49a57",
              "parentUUID": "9210ee2f-7f21-4e06-ab92-e7900d9a317d",
              "isHook": false,
              "skipped": false
            }
          ],
          "suites": [],
          "passes": [
            "f7cc714d-cc26-4375-b0e0-3826f36949d9",
            "a3181a1c-6f32-493e-9a8e-e92712f49a57"
          ],
          "failures": [],
          "pending": [],
          "skipped": [],
          "duration": 2025,
          "root": false,
          "rootEmpty": false,
          "_timeout": 2000
        }
      ],
      "passes": [],
      "failures": [],
      "pending": [],
      "skipped": [],
      "duration": 0,
      "root": true,
      "rootEmpty": true,
      "_timeout": 2000
    },
    {
      "uuid": "8bacf6ff-c43a-4ede-8325-9e21a1c27cca",
      "title": "",
      "fullFile": "cypress\\integration\\examples\\assertions.spec.js",
      "file": "cypress\\integration\\examples\\assertions.spec.js",
      "beforeHooks": [],
      "afterHooks": [],
      "tests": [],
      "suites": [
        {
          "uuid": "47b407fa-2fa3-4067-92d2-d08f0cf01f72",
          "title": "Assertions",
          "fullFile": "",
          "file": "",
          "beforeHooks": [],
          "afterHooks": [],
          "tests": [],
          "suites": [
            {
              "uuid": "8d1bdc73-4a70-40de-a11d-4fd0daf196fa",
              "title": "Implicit Assertions",
              "fullFile": "",
              "file": "",
              "beforeHooks": [],
              "afterHooks": [],
              "tests": [
                {
                  "title": ".should() - make an assertion about the current subject",
                  "fullTitle": "Assertions Implicit Assertions .should() - make an assertion about the current subject",
                  "timedOut": null,
                  "duration": 731,
                  "state": "passed",
                  "speed": "slow",
                  "pass": true,
                  "fail": false,
                  "pending": false,
                  "context": null,
                  "code": "// https://on.cypress.io/should\ncy.get('.assertion-table')\n    .find('tbody tr:last')\n    .should('have.class', 'success')\n    .find('td')\n    .first()\n    // checking the text of the <td> element in various ways\n    .should('have.text', 'Column content')\n    .should('contain', 'Column content')\n    .should('have.html', 'Column content')\n    // chai-jquery uses \"is()\" to check if element matches selector\n    .should('match', 'td')\n    // to match text content against a regular expression\n    // first need to invoke jQuery method text()\n    // and then match using regular expression\n    .invoke('text')\n    .should('match', /column content/i);\n// a better way to check element's text content against a regular expression\n// is to use \"cy.contains\"\n// https://on.cypress.io/contains\ncy.get('.assertion-table')\n    .find('tbody tr:last')\n    // finds first <td> element with text content matching regular expression\n    .contains('td', /column content/i)\n    .should('be.visible');\n// for more information about asserting element's text\n// see https://on.cypress.io/using-cypress-faq#How-do-I-get-an-element’s-text-contents",
                  "err": {},
                  "uuid": "9a749df1-6a69-47e9-a960-bdd127f0208a",
                  "parentUUID": "8d1bdc73-4a70-40de-a11d-4fd0daf196fa",
                  "isHook": false,
                  "skipped": false
                },
                {
                  "title": ".and() - chain multiple assertions together",
                  "fullTitle": "Assertions Implicit Assertions .and() - chain multiple assertions together",
                  "timedOut": null,
                  "duration": 190,
                  "state": "passed",
                  "speed": "slow",
                  "pass": true,
                  "fail": false,
                  "pending": false,
                  "context": null,
                  "code": "// https://on.cypress.io/and\ncy.get('.assertions-link')\n    .should('have.class', 'active')\n    .and('have.attr', 'href')\n    .and('include', 'cypress.io');",
                  "err": {},
                  "uuid": "c001221a-700c-4db3-9b8e-7804341d25e0",
                  "parentUUID": "8d1bdc73-4a70-40de-a11d-4fd0daf196fa",
                  "isHook": false,
                  "skipped": false
                }
              ],
              "suites": [],
              "passes": [
                "9a749df1-6a69-47e9-a960-bdd127f0208a",
                "c001221a-700c-4db3-9b8e-7804341d25e0"
              ],
              "failures": [],
              "pending": [],
              "skipped": [],
              "duration": 921,
              "root": false,
              "rootEmpty": false,
              "_timeout": 2000
            },
            {
              "uuid": "7ea4ffdd-77b1-41bf-9762-28244cefaf23",
              "title": "Explicit Assertions",
              "fullFile": "",
              "file": "",
              "beforeHooks": [],
              "afterHooks": [],
              "tests": [
                {
                  "title": "expect - make an assertion about a specified subject",
                  "fullTitle": "Assertions Explicit Assertions expect - make an assertion about a specified subject",
                  "timedOut": null,
                  "duration": 202,
                  "state": "passed",
                  "speed": "slow",
                  "pass": true,
                  "fail": false,
                  "pending": false,
                  "context": null,
                  "code": "// We can use Chai's BDD style assertions\nexpect(true).to.be[\"true\"];\nvar o = { foo: 'bar' };\nexpect(o).to.equal(o);\nexpect(o).to.deep.equal({ foo: 'bar' });\n// matching text using regular expression\nexpect('FooBar').to.match(/bar$/i);",
                  "err": {},
                  "uuid": "743dee6e-0064-47ae-a415-08f6183dc1cc",
                  "parentUUID": "7ea4ffdd-77b1-41bf-9762-28244cefaf23",
                  "isHook": false,
                  "skipped": false
                },
                {
                  "title": "pass your own callback function to should()",
                  "fullTitle": "Assertions Explicit Assertions pass your own callback function to should()",
                  "timedOut": null,
                  "duration": 210,
                  "state": "passed",
                  "speed": "slow",
                  "pass": true,
                  "fail": false,
                  "pending": false,
                  "context": null,
                  "code": "// Pass a function to should that can have any number\n// of explicit assertions within it.\n// The \".should(cb)\" function will be retried\n// automatically until it passes all your explicit assertions or times out.\ncy.get('.assertions-p')\n    .find('p')\n    .should(function ($p) {\n    // https://on.cypress.io/$\n    // return an array of texts from all of the p's\n    // @ts-ignore TS6133 unused variable\n    var texts = $p.map(function (i, el) { return Cypress.$(el).text(); });\n    // jquery map returns jquery object\n    // and .get() convert this to simple array\n    var paragraphs = texts.get();\n    // array should have length of 3\n    expect(paragraphs, 'has 3 paragraphs').to.have.length(3);\n    // use second argument to expect(...) to provide clear\n    // message with each assertion\n    expect(paragraphs, 'has expected text in each paragraph').to.deep.eq([\n        'Some text from first p',\n        'More text from second p',\n        'And even more text from third p',\n    ]);\n});",
                  "err": {},
                  "uuid": "76589a75-cc66-472d-90b6-02b1c1e1ccfc",
                  "parentUUID": "7ea4ffdd-77b1-41bf-9762-28244cefaf23",
                  "isHook": false,
                  "skipped": false
                },
                {
                  "title": "finds element by class name regex",
                  "fullTitle": "Assertions Explicit Assertions finds element by class name regex",
                  "timedOut": null,
                  "duration": 196,
                  "state": "passed",
                  "speed": "slow",
                  "pass": true,
                  "fail": false,
                  "pending": false,
                  "context": null,
                  "code": "cy.get('.docs-header')\n    .find('div')\n    // .should(cb) callback function will be retried\n    .should(function ($div) {\n    expect($div).to.have.length(1);\n    var className = $div[0].className;\n    expect(className).to.match(/heading-/);\n})\n    // .then(cb) callback is not retried,\n    // it either passes or fails\n    .then(function ($div) {\n    expect($div, 'text content').to.have.text('Introduction');\n});",
                  "err": {},
                  "uuid": "058b8bb1-c206-4826-8ffc-fca78562218e",
                  "parentUUID": "7ea4ffdd-77b1-41bf-9762-28244cefaf23",
                  "isHook": false,
                  "skipped": false
                },
                {
                  "title": "can throw any error",
                  "fullTitle": "Assertions Explicit Assertions can throw any error",
                  "timedOut": null,
                  "duration": 219,
                  "state": "passed",
                  "speed": "slow",
                  "pass": true,
                  "fail": false,
                  "pending": false,
                  "context": null,
                  "code": "cy.get('.docs-header')\n    .find('div')\n    .should(function ($div) {\n    if ($div.length !== 1) {\n        // you can throw your own errors\n        throw new Error('Did not find 1 element');\n    }\n    var className = $div[0].className;\n    if (!className.match(/heading-/)) {\n        throw new Error(\"Could not find class \\\"heading-\\\" in \" + className);\n    }\n});",
                  "err": {},
                  "uuid": "8039ef0b-7cb2-4b1a-b03d-4535770ef394",
                  "parentUUID": "7ea4ffdd-77b1-41bf-9762-28244cefaf23",
                  "isHook": false,
                  "skipped": false
                },
                {
                  "title": "matches unknown text between two elements",
                  "fullTitle": "Assertions Explicit Assertions matches unknown text between two elements",
                  "timedOut": null,
                  "duration": 208,
                  "state": "passed",
                  "speed": "slow",
                  "pass": true,
                  "fail": false,
                  "pending": false,
                  "context": null,
                  "code": "/**\n * Text from the first element.\n * @type {string}\n*/\nvar text;\n/**\n * Normalizes passed text,\n * useful before comparing text with spaces and different capitalization.\n * @param {string} s Text to normalize\n*/\nvar normalizeText = function (s) { return s.replace(/\\s/g, '').toLowerCase(); };\ncy.get('.two-elements')\n    .find('.first')\n    .then(function ($first) {\n    // save text from the first element\n    text = normalizeText($first.text());\n});\ncy.get('.two-elements')\n    .find('.second')\n    .should(function ($div) {\n    // we can massage text before comparing\n    var secondText = normalizeText($div.text());\n    expect(secondText, 'second text').to.equal(text);\n});",
                  "err": {},
                  "uuid": "9e7f745e-7824-4ce3-a8c9-7c8810a56e4a",
                  "parentUUID": "7ea4ffdd-77b1-41bf-9762-28244cefaf23",
                  "isHook": false,
                  "skipped": false
                },
                {
                  "title": "assert - assert shape of an object",
                  "fullTitle": "Assertions Explicit Assertions assert - assert shape of an object",
                  "timedOut": null,
                  "duration": 186,
                  "state": "passed",
                  "speed": "slow",
                  "pass": true,
                  "fail": false,
                  "pending": false,
                  "context": null,
                  "code": "var person = {\n    name: 'Joe',\n    age: 20\n};\nassert.isObject(person, 'value is object');",
                  "err": {},
                  "uuid": "f2dcb46a-e2a7-4680-8386-42fabf19c3bf",
                  "parentUUID": "7ea4ffdd-77b1-41bf-9762-28244cefaf23",
                  "isHook": false,
                  "skipped": false
                },
                {
                  "title": "retries the should callback until assertions pass",
                  "fullTitle": "Assertions Explicit Assertions retries the should callback until assertions pass",
                  "timedOut": null,
                  "duration": 1676,
                  "state": "passed",
                  "speed": "slow",
                  "pass": true,
                  "fail": false,
                  "pending": false,
                  "context": null,
                  "code": "cy.get('#random-number')\n    .should(function ($div) {\n    var n = parseFloat($div.text());\n    expect(n).to.be.gte(1).and.be.lte(10);\n});",
                  "err": {},
                  "uuid": "fe482170-726f-4faa-a6fe-e905920832e9",
                  "parentUUID": "7ea4ffdd-77b1-41bf-9762-28244cefaf23",
                  "isHook": false,
                  "skipped": false
                }
              ],
              "suites": [],
              "passes": [
                "743dee6e-0064-47ae-a415-08f6183dc1cc",
                "76589a75-cc66-472d-90b6-02b1c1e1ccfc",
                "058b8bb1-c206-4826-8ffc-fca78562218e",
                "8039ef0b-7cb2-4b1a-b03d-4535770ef394",
                "9e7f745e-7824-4ce3-a8c9-7c8810a56e4a",
                "f2dcb46a-e2a7-4680-8386-42fabf19c3bf",
                "fe482170-726f-4faa-a6fe-e905920832e9"
              ],
              "failures": [],
              "pending": [],
              "skipped": [],
              "duration": 2897,
              "root": false,
              "rootEmpty": false,
              "_timeout": 2000
            }
          ],
          "passes": [],
          "failures": [],
          "pending": [],
          "skipped": [],
          "duration": 0,
          "root": false,
          "rootEmpty": false,
          "_timeout": 2000
        }
      ],
      "passes": [],
      "failures": [],
      "pending": [],
      "skipped": [],
      "duration": 0,
      "root": true,
      "rootEmpty": true,
      "_timeout": 2000
    },
    {
      "uuid": "d8b7aa43-4833-4cd2-b444-4ae23387f427",
      "title": "",
      "fullFile": "cypress\\integration\\examples\\connectors.spec.js",
      "file": "cypress\\integration\\examples\\connectors.spec.js",
      "beforeHooks": [],
      "afterHooks": [],
      "tests": [],
      "suites": [
        {
          "uuid": "3528065f-dd1a-4a10-9b0c-9b63950ae780",
          "title": "Connectors",
          "fullFile": "",
          "file": "",
          "beforeHooks": [],
          "afterHooks": [],
          "tests": [
            {
              "title": ".each() - iterate over an array of elements",
              "fullTitle": "Connectors .each() - iterate over an array of elements",
              "timedOut": null,
              "duration": 724,
              "state": "passed",
              "speed": "slow",
              "pass": true,
              "fail": false,
              "pending": false,
              "context": null,
              "code": "// https://on.cypress.io/each\ncy.get('.connectors-each-ul>li')\n    .each(function ($el, index, $list) {\n    console.log($el, index, $list);\n});",
              "err": {},
              "uuid": "e810394b-3a8d-4921-8134-69d434a1e13c",
              "parentUUID": "3528065f-dd1a-4a10-9b0c-9b63950ae780",
              "isHook": false,
              "skipped": false
            },
            {
              "title": ".its() - get properties on the current subject",
              "fullTitle": "Connectors .its() - get properties on the current subject",
              "timedOut": null,
              "duration": 206,
              "state": "passed",
              "speed": "slow",
              "pass": true,
              "fail": false,
              "pending": false,
              "context": null,
              "code": "// https://on.cypress.io/its\ncy.get('.connectors-its-ul>li')\n    // calls the 'length' property yielding that value\n    .its('length')\n    .should('be.gt', 2);",
              "err": {},
              "uuid": "fe8c19a0-b902-47c1-b0fc-04fa89b82cc6",
              "parentUUID": "3528065f-dd1a-4a10-9b0c-9b63950ae780",
              "isHook": false,
              "skipped": false
            },
            {
              "title": ".invoke() - invoke a function on the current subject",
              "fullTitle": "Connectors .invoke() - invoke a function on the current subject",
              "timedOut": null,
              "duration": 203,
              "state": "passed",
              "speed": "slow",
              "pass": true,
              "fail": false,
              "pending": false,
              "context": null,
              "code": "// our div is hidden in our script.js\n// $('.connectors-div').hide()\n// https://on.cypress.io/invoke\ncy.get('.connectors-div').should('be.hidden')\n    // call the jquery method 'show' on the 'div.container'\n    .invoke('show')\n    .should('be.visible');",
              "err": {},
              "uuid": "a7f90a4e-138d-424b-ae19-f998984cb616",
              "parentUUID": "3528065f-dd1a-4a10-9b0c-9b63950ae780",
              "isHook": false,
              "skipped": false
            },
            {
              "title": ".spread() - spread an array as individual args to callback function",
              "fullTitle": "Connectors .spread() - spread an array as individual args to callback function",
              "timedOut": null,
              "duration": 173,
              "state": "passed",
              "speed": "slow",
              "pass": true,
              "fail": false,
              "pending": false,
              "context": null,
              "code": "// https://on.cypress.io/spread\nvar arr = ['foo', 'bar', 'baz'];\ncy.wrap(arr).spread(function (foo, bar, baz) {\n    expect(foo).to.eq('foo');\n    expect(bar).to.eq('bar');\n    expect(baz).to.eq('baz');\n});",
              "err": {},
              "uuid": "c6b727c5-a9a0-46e3-9648-5787c4200383",
              "parentUUID": "3528065f-dd1a-4a10-9b0c-9b63950ae780",
              "isHook": false,
              "skipped": false
            }
          ],
          "suites": [
            {
              "uuid": "ec363e7b-a84e-417d-9750-8584a96d920b",
              "title": ".then()",
              "fullFile": "",
              "file": "",
              "beforeHooks": [],
              "afterHooks": [],
              "tests": [
                {
                  "title": "invokes a callback function with the current subject",
                  "fullTitle": "Connectors .then() invokes a callback function with the current subject",
                  "timedOut": null,
                  "duration": 198,
                  "state": "passed",
                  "speed": "slow",
                  "pass": true,
                  "fail": false,
                  "pending": false,
                  "context": null,
                  "code": "// https://on.cypress.io/then\ncy.get('.connectors-list > li')\n    .then(function ($lis) {\n    expect($lis, '3 items').to.have.length(3);\n    expect($lis.eq(0), 'first item').to.contain('Walk the dog');\n    expect($lis.eq(1), 'second item').to.contain('Feed the cat');\n    expect($lis.eq(2), 'third item').to.contain('Write JavaScript');\n});",
                  "err": {},
                  "uuid": "c4a9ac57-74d3-4f00-9a90-044d69f15bd5",
                  "parentUUID": "ec363e7b-a84e-417d-9750-8584a96d920b",
                  "isHook": false,
                  "skipped": false
                },
                {
                  "title": "yields the returned value to the next command",
                  "fullTitle": "Connectors .then() yields the returned value to the next command",
                  "timedOut": null,
                  "duration": 238,
                  "state": "passed",
                  "speed": "slow",
                  "pass": true,
                  "fail": false,
                  "pending": false,
                  "context": null,
                  "code": "cy.wrap(1)\n    .then(function (num) {\n    expect(num).to.equal(1);\n    return 2;\n})\n    .then(function (num) {\n    expect(num).to.equal(2);\n});",
                  "err": {},
                  "uuid": "c1dd1965-434f-41fc-b64a-7a2c263d46ac",
                  "parentUUID": "ec363e7b-a84e-417d-9750-8584a96d920b",
                  "isHook": false,
                  "skipped": false
                },
                {
                  "title": "yields the original subject without return",
                  "fullTitle": "Connectors .then() yields the original subject without return",
                  "timedOut": null,
                  "duration": 197,
                  "state": "passed",
                  "speed": "slow",
                  "pass": true,
                  "fail": false,
                  "pending": false,
                  "context": null,
                  "code": "cy.wrap(1)\n    .then(function (num) {\n    expect(num).to.equal(1);\n    // note that nothing is returned from this callback\n})\n    .then(function (num) {\n    // this callback receives the original unchanged value 1\n    expect(num).to.equal(1);\n});",
                  "err": {},
                  "uuid": "d25f4d67-11eb-409b-b283-4fd8128582b7",
                  "parentUUID": "ec363e7b-a84e-417d-9750-8584a96d920b",
                  "isHook": false,
                  "skipped": false
                },
                {
                  "title": "yields the value yielded by the last Cypress command inside",
                  "fullTitle": "Connectors .then() yields the value yielded by the last Cypress command inside",
                  "timedOut": null,
                  "duration": 183,
                  "state": "passed",
                  "speed": "slow",
                  "pass": true,
                  "fail": false,
                  "pending": false,
                  "context": null,
                  "code": "cy.wrap(1)\n    .then(function (num) {\n    expect(num).to.equal(1);\n    // note how we run a Cypress command\n    // the result yielded by this Cypress command\n    // will be passed to the second \".then\"\n    cy.wrap(2);\n})\n    .then(function (num) {\n    // this callback receives the value yielded by \"cy.wrap(2)\"\n    expect(num).to.equal(2);\n});",
                  "err": {},
                  "uuid": "cecfa192-32f5-41f6-902e-e6a6cfe1d74b",
                  "parentUUID": "ec363e7b-a84e-417d-9750-8584a96d920b",
                  "isHook": false,
                  "skipped": false
                }
              ],
              "suites": [],
              "passes": [
                "c4a9ac57-74d3-4f00-9a90-044d69f15bd5",
                "c1dd1965-434f-41fc-b64a-7a2c263d46ac",
                "d25f4d67-11eb-409b-b283-4fd8128582b7",
                "cecfa192-32f5-41f6-902e-e6a6cfe1d74b"
              ],
              "failures": [],
              "pending": [],
              "skipped": [],
              "duration": 816,
              "root": false,
              "rootEmpty": false,
              "_timeout": 2000
            }
          ],
          "passes": [
            "e810394b-3a8d-4921-8134-69d434a1e13c",
            "fe8c19a0-b902-47c1-b0fc-04fa89b82cc6",
            "a7f90a4e-138d-424b-ae19-f998984cb616",
            "c6b727c5-a9a0-46e3-9648-5787c4200383"
          ],
          "failures": [],
          "pending": [],
          "skipped": [],
          "duration": 1306,
          "root": false,
          "rootEmpty": false,
          "_timeout": 2000
        }
      ],
      "passes": [],
      "failures": [],
      "pending": [],
      "skipped": [],
      "duration": 0,
      "root": true,
      "rootEmpty": true,
      "_timeout": 2000
    },
    {
      "uuid": "d2c2b397-e31d-4da4-8d9d-4c8cf1f2bb1f",
      "title": "",
      "fullFile": "cypress\\integration\\examples\\cookies.spec.js",
      "file": "cypress\\integration\\examples\\cookies.spec.js",
      "beforeHooks": [],
      "afterHooks": [],
      "tests": [],
      "suites": [
        {
          "uuid": "8191fc01-37f8-4623-96b1-2989344ced06",
          "title": "Cookies",
          "fullFile": "",
          "file": "",
          "beforeHooks": [],
          "afterHooks": [],
          "tests": [
            {
              "title": "cy.getCookie() - get a browser cookie",
              "fullTitle": "Cookies cy.getCookie() - get a browser cookie",
              "timedOut": null,
              "duration": 658,
              "state": "passed",
              "speed": "slow",
              "pass": true,
              "fail": false,
              "pending": false,
              "context": null,
              "code": "// https://on.cypress.io/getcookie\ncy.get('#getCookie .set-a-cookie').click();\n// cy.getCookie() yields a cookie object\ncy.getCookie('token').should('have.property', 'value', '123ABC');",
              "err": {},
              "uuid": "1c4571e9-b4b0-4ee3-8427-1d80e9c01d9d",
              "parentUUID": "8191fc01-37f8-4623-96b1-2989344ced06",
              "isHook": false,
              "skipped": false
            },
            {
              "title": "cy.getCookies() - get browser cookies",
              "fullTitle": "Cookies cy.getCookies() - get browser cookies",
              "timedOut": null,
              "duration": 345,
              "state": "passed",
              "speed": "slow",
              "pass": true,
              "fail": false,
              "pending": false,
              "context": null,
              "code": "// https://on.cypress.io/getcookies\ncy.getCookies().should('be.empty');\ncy.get('#getCookies .set-a-cookie').click();\n// cy.getCookies() yields an array of cookies\ncy.getCookies().should('have.length', 1).should(function (cookies) {\n    // each cookie has these properties\n    expect(cookies[0]).to.have.property('name', 'token');\n    expect(cookies[0]).to.have.property('value', '123ABC');\n    expect(cookies[0]).to.have.property('httpOnly', false);\n    expect(cookies[0]).to.have.property('secure', false);\n    expect(cookies[0]).to.have.property('domain');\n    expect(cookies[0]).to.have.property('path');\n});",
              "err": {},
              "uuid": "94b3daf3-eb69-4da1-ac47-68b3bad1e5af",
              "parentUUID": "8191fc01-37f8-4623-96b1-2989344ced06",
              "isHook": false,
              "skipped": false
            },
            {
              "title": "cy.setCookie() - set a browser cookie",
              "fullTitle": "Cookies cy.setCookie() - set a browser cookie",
              "timedOut": null,
              "duration": 206,
              "state": "passed",
              "speed": "slow",
              "pass": true,
              "fail": false,
              "pending": false,
              "context": null,
              "code": "// https://on.cypress.io/setcookie\ncy.getCookies().should('be.empty');\ncy.setCookie('foo', 'bar');\n// cy.getCookie() yields a cookie object\ncy.getCookie('foo').should('have.property', 'value', 'bar');",
              "err": {},
              "uuid": "f12da5a9-7b67-46c7-9027-87d056ee04db",
              "parentUUID": "8191fc01-37f8-4623-96b1-2989344ced06",
              "isHook": false,
              "skipped": false
            },
            {
              "title": "cy.clearCookie() - clear a browser cookie",
              "fullTitle": "Cookies cy.clearCookie() - clear a browser cookie",
              "timedOut": null,
              "duration": 293,
              "state": "passed",
              "speed": "slow",
              "pass": true,
              "fail": false,
              "pending": false,
              "context": null,
              "code": "// https://on.cypress.io/clearcookie\ncy.getCookie('token').should('be.null');\ncy.get('#clearCookie .set-a-cookie').click();\ncy.getCookie('token').should('have.property', 'value', '123ABC');\n// cy.clearCookies() yields null\ncy.clearCookie('token').should('be.null');\ncy.getCookie('token').should('be.null');",
              "err": {},
              "uuid": "4d23530f-6cc9-41d0-999b-85cc79a44071",
              "parentUUID": "8191fc01-37f8-4623-96b1-2989344ced06",
              "isHook": false,
              "skipped": false
            },
            {
              "title": "cy.clearCookies() - clear browser cookies",
              "fullTitle": "Cookies cy.clearCookies() - clear browser cookies",
              "timedOut": null,
              "duration": 307,
              "state": "passed",
              "speed": "slow",
              "pass": true,
              "fail": false,
              "pending": false,
              "context": null,
              "code": "// https://on.cypress.io/clearcookies\ncy.getCookies().should('be.empty');\ncy.get('#clearCookies .set-a-cookie').click();\ncy.getCookies().should('have.length', 1);\n// cy.clearCookies() yields null\ncy.clearCookies();\ncy.getCookies().should('be.empty');",
              "err": {},
              "uuid": "668d00ca-1ba3-4df9-801c-d53f190935ca",
              "parentUUID": "8191fc01-37f8-4623-96b1-2989344ced06",
              "isHook": false,
              "skipped": false
            }
          ],
          "suites": [],
          "passes": [
            "1c4571e9-b4b0-4ee3-8427-1d80e9c01d9d",
            "94b3daf3-eb69-4da1-ac47-68b3bad1e5af",
            "f12da5a9-7b67-46c7-9027-87d056ee04db",
            "4d23530f-6cc9-41d0-999b-85cc79a44071",
            "668d00ca-1ba3-4df9-801c-d53f190935ca"
          ],
          "failures": [],
          "pending": [],
          "skipped": [],
          "duration": 1809,
          "root": false,
          "rootEmpty": false,
          "_timeout": 2000
        }
      ],
      "passes": [],
      "failures": [],
      "pending": [],
      "skipped": [],
      "duration": 0,
      "root": true,
      "rootEmpty": true,
      "_timeout": 2000
    },
    {
      "uuid": "945a4a41-23b6-4cc0-b96c-5fffdb8bc013",
      "title": "",
      "fullFile": "cypress\\integration\\examples\\cypress_api.spec.js",
      "file": "cypress\\integration\\examples\\cypress_api.spec.js",
      "beforeHooks": [],
      "afterHooks": [],
      "tests": [],
      "suites": [
        {
          "uuid": "6e5d19a0-54f6-4f4d-88be-5e3b7a2c17e4",
          "title": "Cypress.Commands",
          "fullFile": "",
          "file": "",
          "beforeHooks": [],
          "afterHooks": [],
          "tests": [
            {
              "title": ".add() - create a custom command",
              "fullTitle": "Cypress.Commands .add() - create a custom command",
              "timedOut": null,
              "duration": 539,
              "state": "passed",
              "speed": "slow",
              "pass": true,
              "fail": false,
              "pending": false,
              "context": null,
              "code": "Cypress.Commands.add('console', {\n    prevSubject: true\n}, function (subject, method) {\n    // the previous subject is automatically received\n    // and the commands arguments are shifted\n    // allow us to change the console method used\n    method = method || 'log';\n    // log the subject to the console\n    // @ts-ignore TS7017\n    console[method]('The subject is', subject);\n    // whatever we return becomes the new subject\n    // we don't want to change the subject so\n    // we return whatever was passed in\n    return subject;\n});\n// @ts-ignore TS2339\ncy.get('button').console('info').then(function ($button) {\n    // subject is still $button\n});",
              "err": {},
              "uuid": "06fe83c5-97bc-4827-8834-35ae06bd4560",
              "parentUUID": "6e5d19a0-54f6-4f4d-88be-5e3b7a2c17e4",
              "isHook": false,
              "skipped": false
            }
          ],
          "suites": [],
          "passes": [
            "06fe83c5-97bc-4827-8834-35ae06bd4560"
          ],
          "failures": [],
          "pending": [],
          "skipped": [],
          "duration": 539,
          "root": false,
          "rootEmpty": false,
          "_timeout": 2000
        },
        {
          "uuid": "4a43820f-973d-4624-b908-065d89145471",
          "title": "Cypress.Cookies",
          "fullFile": "",
          "file": "",
          "beforeHooks": [],
          "afterHooks": [],
          "tests": [
            {
              "title": ".debug() - enable or disable debugging",
              "fullTitle": "Cypress.Cookies .debug() - enable or disable debugging",
              "timedOut": null,
              "duration": 238,
              "state": "passed",
              "speed": "slow",
              "pass": true,
              "fail": false,
              "pending": false,
              "context": null,
              "code": "Cypress.Cookies.debug(true);\n// Cypress will now log in the console when\n// cookies are set or cleared\ncy.setCookie('fakeCookie', '123ABC');\ncy.clearCookie('fakeCookie');\ncy.setCookie('fakeCookie', '123ABC');\ncy.clearCookie('fakeCookie');\ncy.setCookie('fakeCookie', '123ABC');",
              "err": {},
              "uuid": "b863a238-dedf-46ea-bd6c-ceb161affa79",
              "parentUUID": "4a43820f-973d-4624-b908-065d89145471",
              "isHook": false,
              "skipped": false
            },
            {
              "title": ".preserveOnce() - preserve cookies by key",
              "fullTitle": "Cypress.Cookies .preserveOnce() - preserve cookies by key",
              "timedOut": null,
              "duration": 226,
              "state": "passed",
              "speed": "slow",
              "pass": true,
              "fail": false,
              "pending": false,
              "context": null,
              "code": "// normally cookies are reset after each test\ncy.getCookie('fakeCookie').should('not.be.ok');\n// preserving a cookie will not clear it when\n// the next test starts\ncy.setCookie('lastCookie', '789XYZ');\nCypress.Cookies.preserveOnce('lastCookie');",
              "err": {},
              "uuid": "1c9d7758-0c50-4f85-87a3-9d7f48f4857f",
              "parentUUID": "4a43820f-973d-4624-b908-065d89145471",
              "isHook": false,
              "skipped": false
            },
            {
              "title": ".defaults() - set defaults for all cookies",
              "fullTitle": "Cypress.Cookies .defaults() - set defaults for all cookies",
              "timedOut": null,
              "duration": 166,
              "state": "passed",
              "speed": "slow",
              "pass": true,
              "fail": false,
              "pending": false,
              "context": null,
              "code": "// now any cookie with the name 'session_id' will\n// not be cleared before each new test runs\nCypress.Cookies.defaults({\n    whitelist: 'session_id'\n});",
              "err": {},
              "uuid": "19de9a4a-dd0e-4272-9dda-6f287cf1de5b",
              "parentUUID": "4a43820f-973d-4624-b908-065d89145471",
              "isHook": false,
              "skipped": false
            }
          ],
          "suites": [],
          "passes": [
            "b863a238-dedf-46ea-bd6c-ceb161affa79",
            "1c9d7758-0c50-4f85-87a3-9d7f48f4857f",
            "19de9a4a-dd0e-4272-9dda-6f287cf1de5b"
          ],
          "failures": [],
          "pending": [],
          "skipped": [],
          "duration": 630,
          "root": false,
          "rootEmpty": false,
          "_timeout": 2000
        },
        {
          "uuid": "e091536c-137c-4ec9-8f91-261623839d02",
          "title": "Cypress.Server",
          "fullFile": "",
          "file": "",
          "beforeHooks": [],
          "afterHooks": [],
          "tests": [
            {
              "title": ".defaults() - change default config of server",
              "fullTitle": "Cypress.Server .defaults() - change default config of server",
              "timedOut": null,
              "duration": 178,
              "state": "passed",
              "speed": "slow",
              "pass": true,
              "fail": false,
              "pending": false,
              "context": null,
              "code": "Cypress.Server.defaults({\n    delay: 0,\n    force404: false\n});",
              "err": {},
              "uuid": "eeb9fc28-68c2-43e4-a131-818a492f0658",
              "parentUUID": "e091536c-137c-4ec9-8f91-261623839d02",
              "isHook": false,
              "skipped": false
            }
          ],
          "suites": [],
          "passes": [
            "eeb9fc28-68c2-43e4-a131-818a492f0658"
          ],
          "failures": [],
          "pending": [],
          "skipped": [],
          "duration": 178,
          "root": false,
          "rootEmpty": false,
          "_timeout": 2000
        },
        {
          "uuid": "2a8c15e9-29dd-4076-a34f-7d39ae9cac90",
          "title": "Cypress.arch",
          "fullFile": "",
          "file": "",
          "beforeHooks": [],
          "afterHooks": [],
          "tests": [
            {
              "title": "Get CPU architecture name of underlying OS",
              "fullTitle": "Cypress.arch Get CPU architecture name of underlying OS",
              "timedOut": null,
              "duration": 244,
              "state": "passed",
              "speed": "slow",
              "pass": true,
              "fail": false,
              "pending": false,
              "context": null,
              "code": "// https://on.cypress.io/arch\nexpect(Cypress.arch).to.exist;",
              "err": {},
              "uuid": "f3dd80fe-8e5c-475e-a01d-d96271023fbb",
              "parentUUID": "2a8c15e9-29dd-4076-a34f-7d39ae9cac90",
              "isHook": false,
              "skipped": false
            }
          ],
          "suites": [],
          "passes": [
            "f3dd80fe-8e5c-475e-a01d-d96271023fbb"
          ],
          "failures": [],
          "pending": [],
          "skipped": [],
          "duration": 244,
          "root": false,
          "rootEmpty": false,
          "_timeout": 2000
        },
        {
          "uuid": "2d24617e-3aff-4931-8d4b-d870212f06fd",
          "title": "Cypress.config()",
          "fullFile": "",
          "file": "",
          "beforeHooks": [],
          "afterHooks": [],
          "tests": [
            {
              "title": "Get and set configuration options",
              "fullTitle": "Cypress.config() Get and set configuration options",
              "timedOut": null,
              "duration": 593,
              "state": "failed",
              "speed": null,
              "pass": false,
              "fail": true,
              "pending": false,
              "context": null,
              "code": "// https://on.cypress.io/config\nvar myConfig = Cypress.config();\nexpect(myConfig).to.have.property('animationDistanceThreshold', 5);\nexpect(myConfig).to.have.property('baseUrl', null);\nexpect(myConfig).to.have.property('defaultCommandTimeout', 4000);\nexpect(myConfig).to.have.property('requestTimeout', 5000);\nexpect(myConfig).to.have.property('responseTimeout', 30000);\nexpect(myConfig).to.have.property('viewportHeight', 660);\nexpect(myConfig).to.have.property('viewportWidth', 1000);\nexpect(myConfig).to.have.property('pageLoadTimeout', 60000);\nexpect(myConfig).to.have.property('waitForAnimations', true);\nexpect(Cypress.config('pageLoadTimeout')).to.eq(60000);\n// this will change the config for the rest of your tests!\nCypress.config('pageLoadTimeout', 20000);\nexpect(Cypress.config('pageLoadTimeout')).to.eq(20000);\nCypress.config('pageLoadTimeout', 60000);",
              "err": {
                "message": "AssertionError: expected { Object (baseUrl, ignoreTestFiles, ...) } to have property 'baseUrl' of null, but got 'http://localhost:4200'",
                "estack": "AssertionError: expected { Object (baseUrl, ignoreTestFiles, ...) } to have property 'baseUrl' of null, but got 'http://localhost:4200'\n    at Context.eval (https://example.cypress.io/__cypress/tests?p=cypress\\integration\\examples\\cypress_api.spec.js:92:34)",
                "diff": null
              },
              "uuid": "44916a6b-a7b2-4971-a594-d1818ac9ec99",
              "parentUUID": "2d24617e-3aff-4931-8d4b-d870212f06fd",
              "isHook": false,
              "skipped": false
            }
          ],
          "suites": [],
          "passes": [],
          "failures": [
            "44916a6b-a7b2-4971-a594-d1818ac9ec99"
          ],
          "pending": [],
          "skipped": [],
          "duration": 593,
          "root": false,
          "rootEmpty": false,
          "_timeout": 2000
        },
        {
          "uuid": "f73da976-a429-4623-9cb8-75d9c3d49161",
          "title": "Cypress.dom",
          "fullFile": "",
          "file": "",
          "beforeHooks": [],
          "afterHooks": [],
          "tests": [
            {
              "title": ".isHidden() - determine if a DOM element is hidden",
              "fullTitle": "Cypress.dom .isHidden() - determine if a DOM element is hidden",
              "timedOut": null,
              "duration": 200,
              "state": "passed",
              "speed": "slow",
              "pass": true,
              "fail": false,
              "pending": false,
              "context": null,
              "code": "var hiddenP = Cypress.$('.dom-p p.hidden').get(0);\nvar visibleP = Cypress.$('.dom-p p.visible').get(0);\n// our first paragraph has css class 'hidden'\nexpect(Cypress.dom.isHidden(hiddenP)).to.be[\"true\"];\nexpect(Cypress.dom.isHidden(visibleP)).to.be[\"false\"];",
              "err": {},
              "uuid": "5c050446-5453-4b0c-9bee-e67b76325161",
              "parentUUID": "f73da976-a429-4623-9cb8-75d9c3d49161",
              "isHook": false,
              "skipped": false
            }
          ],
          "suites": [],
          "passes": [
            "5c050446-5453-4b0c-9bee-e67b76325161"
          ],
          "failures": [],
          "pending": [],
          "skipped": [],
          "duration": 200,
          "root": false,
          "rootEmpty": false,
          "_timeout": 2000
        },
        {
          "uuid": "706a200a-bd7e-46e6-afa6-96efb236906f",
          "title": "Cypress.env()",
          "fullFile": "",
          "file": "",
          "beforeHooks": [],
          "afterHooks": [],
          "tests": [
            {
              "title": "Get environment variables",
              "fullTitle": "Cypress.env() Get environment variables",
              "timedOut": null,
              "duration": 188,
              "state": "passed",
              "speed": "slow",
              "pass": true,
              "fail": false,
              "pending": false,
              "context": null,
              "code": "// https://on.cypress.io/env\n// set multiple environment variables\nCypress.env({\n    host: 'veronica.dev.local',\n    api_server: 'http://localhost:8888/v1/'\n});\n// get environment variable\nexpect(Cypress.env('host')).to.eq('veronica.dev.local');\n// set environment variable\nCypress.env('api_server', 'http://localhost:8888/v2/');\nexpect(Cypress.env('api_server')).to.eq('http://localhost:8888/v2/');\n// get all environment variable\nexpect(Cypress.env()).to.have.property('host', 'veronica.dev.local');\nexpect(Cypress.env()).to.have.property('api_server', 'http://localhost:8888/v2/');",
              "err": {},
              "uuid": "1f381721-d774-418a-bf3a-fc1a9e80f1fa",
              "parentUUID": "706a200a-bd7e-46e6-afa6-96efb236906f",
              "isHook": false,
              "skipped": false
            }
          ],
          "suites": [],
          "passes": [
            "1f381721-d774-418a-bf3a-fc1a9e80f1fa"
          ],
          "failures": [],
          "pending": [],
          "skipped": [],
          "duration": 188,
          "root": false,
          "rootEmpty": false,
          "_timeout": 2000
        },
        {
          "uuid": "4ea91418-ab28-4450-bc65-d39a4ad31bb7",
          "title": "Cypress.log",
          "fullFile": "",
          "file": "",
          "beforeHooks": [],
          "afterHooks": [],
          "tests": [
            {
              "title": "Control what is printed to the Command Log",
              "fullTitle": "Cypress.log Control what is printed to the Command Log",
              "timedOut": null,
              "duration": 166,
              "state": "passed",
              "speed": "slow",
              "pass": true,
              "fail": false,
              "pending": false,
              "context": null,
              "code": "// https://on.cypress.io/cypress-log",
              "err": {},
              "uuid": "83e5775d-8154-470a-978b-a3cfa3f75d51",
              "parentUUID": "4ea91418-ab28-4450-bc65-d39a4ad31bb7",
              "isHook": false,
              "skipped": false
            }
          ],
          "suites": [],
          "passes": [
            "83e5775d-8154-470a-978b-a3cfa3f75d51"
          ],
          "failures": [],
          "pending": [],
          "skipped": [],
          "duration": 166,
          "root": false,
          "rootEmpty": false,
          "_timeout": 2000
        },
        {
          "uuid": "d07d87ce-48fb-4d98-98ba-03b6ffebcff2",
          "title": "Cypress.platform",
          "fullFile": "",
          "file": "",
          "beforeHooks": [],
          "afterHooks": [],
          "tests": [
            {
              "title": "Get underlying OS name",
              "fullTitle": "Cypress.platform Get underlying OS name",
              "timedOut": null,
              "duration": 208,
              "state": "passed",
              "speed": "slow",
              "pass": true,
              "fail": false,
              "pending": false,
              "context": null,
              "code": "// https://on.cypress.io/platform\nexpect(Cypress.platform).to.be.exist;",
              "err": {},
              "uuid": "47eb7955-8ba0-40a3-84ea-dfce7fc549b7",
              "parentUUID": "d07d87ce-48fb-4d98-98ba-03b6ffebcff2",
              "isHook": false,
              "skipped": false
            }
          ],
          "suites": [],
          "passes": [
            "47eb7955-8ba0-40a3-84ea-dfce7fc549b7"
          ],
          "failures": [],
          "pending": [],
          "skipped": [],
          "duration": 208,
          "root": false,
          "rootEmpty": false,
          "_timeout": 2000
        },
        {
          "uuid": "9e3abf56-995c-4e4e-83b0-26d13248a8a5",
          "title": "Cypress.version",
          "fullFile": "",
          "file": "",
          "beforeHooks": [],
          "afterHooks": [],
          "tests": [
            {
              "title": "Get current version of Cypress being run",
              "fullTitle": "Cypress.version Get current version of Cypress being run",
              "timedOut": null,
              "duration": 182,
              "state": "passed",
              "speed": "slow",
              "pass": true,
              "fail": false,
              "pending": false,
              "context": null,
              "code": "// https://on.cypress.io/version\nexpect(Cypress.version).to.be.exist;",
              "err": {},
              "uuid": "a720766d-12cf-4a6b-ac33-d26168628b40",
              "parentUUID": "9e3abf56-995c-4e4e-83b0-26d13248a8a5",
              "isHook": false,
              "skipped": false
            }
          ],
          "suites": [],
          "passes": [
            "a720766d-12cf-4a6b-ac33-d26168628b40"
          ],
          "failures": [],
          "pending": [],
          "skipped": [],
          "duration": 182,
          "root": false,
          "rootEmpty": false,
          "_timeout": 2000
        },
        {
          "uuid": "2081d41a-27e9-42e6-bc44-2872dd140c60",
          "title": "Cypress.spec",
          "fullFile": "",
          "file": "",
          "beforeHooks": [],
          "afterHooks": [],
          "tests": [
            {
              "title": "Get current spec information",
              "fullTitle": "Cypress.spec Get current spec information",
              "timedOut": null,
              "duration": 208,
              "state": "passed",
              "speed": "slow",
              "pass": true,
              "fail": false,
              "pending": false,
              "context": null,
              "code": "// https://on.cypress.io/spec\n// wrap the object so we can inspect it easily by clicking in the command log\ncy.wrap(Cypress.spec).should('include.keys', ['name', 'relative', 'absolute']);",
              "err": {},
              "uuid": "e0b25a78-18e8-48b8-88a4-374d8b635416",
              "parentUUID": "2081d41a-27e9-42e6-bc44-2872dd140c60",
              "isHook": false,
              "skipped": false
            }
          ],
          "suites": [],
          "passes": [
            "e0b25a78-18e8-48b8-88a4-374d8b635416"
          ],
          "failures": [],
          "pending": [],
          "skipped": [],
          "duration": 208,
          "root": false,
          "rootEmpty": false,
          "_timeout": 2000
        }
      ],
      "passes": [],
      "failures": [],
      "pending": [],
      "skipped": [],
      "duration": 0,
      "root": true,
      "rootEmpty": true,
      "_timeout": 2000
    },
    {
      "uuid": "d2d1fb7a-77f8-45dc-a47d-bd6a6e11f613",
      "title": "",
      "fullFile": "cypress\\integration\\examples\\files.spec.js",
      "file": "cypress\\integration\\examples\\files.spec.js",
      "beforeHooks": [],
      "afterHooks": [],
      "tests": [],
      "suites": [
        {
          "uuid": "8eafd85f-3481-4262-8c69-f464cfbd9686",
          "title": "Files",
          "fullFile": "",
          "file": "",
          "beforeHooks": [],
          "afterHooks": [],
          "tests": [
            {
              "title": "cy.fixture() - load a fixture",
              "fullTitle": "Files cy.fixture() - load a fixture",
              "timedOut": null,
              "duration": 1002,
              "state": "passed",
              "speed": "slow",
              "pass": true,
              "fail": false,
              "pending": false,
              "context": null,
              "code": "// https://on.cypress.io/fixture\n// Instead of writing a response inline you can\n// use a fixture file's content.\ncy.server();\ncy.fixture('example.json').as('comment');\n// when application makes an Ajax request matching \"GET comments/*\"\n// Cypress will intercept it and reply with object\n// from the \"comment\" alias\ncy.route('GET', 'comments/*', '@comment').as('getComment');\n// we have code that gets a comment when\n// the button is clicked in scripts.js\ncy.get('.fixture-btn').click();\ncy.wait('@getComment').its('responseBody')\n    .should('have.property', 'name')\n    .and('include', 'Using fixtures to represent data');\n// you can also just write the fixture in the route\ncy.route('GET', 'comments/*', 'fixture:example.json').as('getComment');\n// we have code that gets a comment when\n// the button is clicked in scripts.js\ncy.get('.fixture-btn').click();\ncy.wait('@getComment').its('responseBody')\n    .should('have.property', 'name')\n    .and('include', 'Using fixtures to represent data');\n// or write fx to represent fixture\n// by default it assumes it's .json\ncy.route('GET', 'comments/*', 'fx:example').as('getComment');\n// we have code that gets a comment when\n// the button is clicked in scripts.js\ncy.get('.fixture-btn').click();\ncy.wait('@getComment').its('responseBody')\n    .should('have.property', 'name')\n    .and('include', 'Using fixtures to represent data');",
              "err": {},
              "uuid": "078e94c1-6513-4030-b778-b70974dd605a",
              "parentUUID": "8eafd85f-3481-4262-8c69-f464cfbd9686",
              "isHook": false,
              "skipped": false
            },
            {
              "title": "cy.fixture() or require - load a fixture",
              "fullTitle": "Files cy.fixture() or require - load a fixture",
              "timedOut": null,
              "duration": 185,
              "state": "passed",
              "speed": "slow",
              "pass": true,
              "fail": false,
              "pending": false,
              "context": null,
              "code": "// we are inside the \"function () { ... }\"\n// callback and can use test context object \"this\"\n// \"this.example\" was loaded in \"beforeEach\" function callback\nexpect(this.example, 'fixture in the test context')\n    .to.deep.equal(requiredExample);\n// or use \"cy.wrap\" and \"should('deep.equal', ...)\" assertion\n// @ts-ignore\ncy.wrap(this.example, 'fixture vs require')\n    .should('deep.equal', requiredExample);",
              "err": {},
              "uuid": "cdcabca7-1610-4080-b56a-2dca83435e78",
              "parentUUID": "8eafd85f-3481-4262-8c69-f464cfbd9686",
              "isHook": false,
              "skipped": false
            },
            {
              "title": "cy.readFile() - read file contents",
              "fullTitle": "Files cy.readFile() - read file contents",
              "timedOut": null,
              "duration": 193,
              "state": "passed",
              "speed": "slow",
              "pass": true,
              "fail": false,
              "pending": false,
              "context": null,
              "code": "// https://on.cypress.io/readfile\n// You can read a file and yield its contents\n// The filePath is relative to your project's root.\ncy.readFile('cypress.json').then(function (json) {\n    expect(json).to.be.an('object');\n});",
              "err": {},
              "uuid": "3a56dd61-249d-472f-8a47-c2a372cc29ee",
              "parentUUID": "8eafd85f-3481-4262-8c69-f464cfbd9686",
              "isHook": false,
              "skipped": false
            },
            {
              "title": "cy.writeFile() - write to a file",
              "fullTitle": "Files cy.writeFile() - write to a file",
              "timedOut": null,
              "duration": 630,
              "state": "passed",
              "speed": "slow",
              "pass": true,
              "fail": false,
              "pending": false,
              "context": null,
              "code": "// https://on.cypress.io/writefile\n// You can write to a file\n// Use a response from a request to automatically\n// generate a fixture file for use later\ncy.request('https://jsonplaceholder.cypress.io/users')\n    .then(function (response) {\n    cy.writeFile('cypress/fixtures/users.json', response.body);\n});\ncy.fixture('users').should(function (users) {\n    expect(users[0].name).to.exist;\n});\n// JavaScript arrays and objects are stringified\n// and formatted into text.\ncy.writeFile('cypress/fixtures/profile.json', {\n    id: 8739,\n    name: 'Jane',\n    email: 'jane@example.com'\n});\ncy.fixture('profile').should(function (profile) {\n    expect(profile.name).to.eq('Jane');\n});",
              "err": {},
              "uuid": "20c7457e-827c-4a36-a7ec-4f7ac7913931",
              "parentUUID": "8eafd85f-3481-4262-8c69-f464cfbd9686",
              "isHook": false,
              "skipped": false
            }
          ],
          "suites": [],
          "passes": [
            "078e94c1-6513-4030-b778-b70974dd605a",
            "cdcabca7-1610-4080-b56a-2dca83435e78",
            "3a56dd61-249d-472f-8a47-c2a372cc29ee",
            "20c7457e-827c-4a36-a7ec-4f7ac7913931"
          ],
          "failures": [],
          "pending": [],
          "skipped": [],
          "duration": 2010,
          "root": false,
          "rootEmpty": false,
          "_timeout": 2000
        }
      ],
      "passes": [],
      "failures": [],
      "pending": [],
      "skipped": [],
      "duration": 0,
      "root": true,
      "rootEmpty": true,
      "_timeout": 2000
    },
    {
      "uuid": "a9e73571-2980-4206-91c2-0e9617f0d66e",
      "title": "",
      "fullFile": "cypress\\integration\\examples\\local_storage.spec.js",
      "file": "cypress\\integration\\examples\\local_storage.spec.js",
      "beforeHooks": [],
      "afterHooks": [],
      "tests": [],
      "suites": [
        {
          "uuid": "dfb7c8f0-b805-482b-b9f4-5748b65c6f63",
          "title": "Local Storage",
          "fullFile": "",
          "file": "",
          "beforeHooks": [],
          "afterHooks": [],
          "tests": [
            {
              "title": "cy.clearLocalStorage() - clear all data in local storage",
              "fullTitle": "Local Storage cy.clearLocalStorage() - clear all data in local storage",
              "timedOut": null,
              "duration": 1012,
              "state": "passed",
              "speed": "slow",
[...]
              "speed": "slow",
              "pass": true,
              "fail": false,
              "pending": false,
              "context": null,
              "code": "// https://on.cypress.io/moment\nvar time = Cypress.moment('2014-04-25T19:38:53.196Z').utc().format('h:mm A');\nexpect(time).to.be.a('string');\ncy.get('.utility-moment').contains('3:38 PM')\n    .should('have.class', 'badge');\n// the time in the element should be between 3pm and 5pm\nvar start = Cypress.moment('3:00 PM', 'LT');\nvar end = Cypress.moment('5:00 PM', 'LT');\ncy.get('.utility-moment .badge')\n    .should(function ($el) {\n    // parse American time like \"3:38 PM\"\n    var m = Cypress.moment($el.text().trim(), 'LT');\n    // display hours + minutes + AM|PM\n    var f = 'h:mm A';\n    expect(m.isBetween(start, end), m.format(f) + \" should be between \" + start.format(f) + \" and \" + end.format(f)).to.be[\"true\"];\n});",
              "err": {},
              "uuid": "a52e1fae-6e26-44fd-8947-3db8d98979eb",
              "parentUUID": "c7f70c27-d174-4123-9555-7c82d7559971",
              "isHook": false,
              "skipped": false
            },
            {
              "title": "Cypress.Promise - instantiate a bluebird promise",
              "fullTitle": "Utilities Cypress.Promise - instantiate a bluebird promise",
              "timedOut": null,
              "duration": 1162,
              "state": "passed",
              "speed": "slow",
              "pass": true,
              "fail": false,
              "pending": false,
              "context": null,
              "code": "// https://on.cypress.io/promise\nvar waited = false;\n/**\n * @return Bluebird<string>\n */\nfunction waitOneSecond() {\n    // return a promise that resolves after 1 second\n    // @ts-ignore TS2351 (new Cypress.Promise)\n    return new Cypress.Promise(function (resolve, reject) {\n        setTimeout(function () {\n            // set waited to true\n            waited = true;\n            // resolve with 'foo' string\n            resolve('foo');\n        }, 1000);\n    });\n}\ncy.then(function () {\n    // return a promise to cy.then() that\n    // is awaited until it resolves\n    // @ts-ignore TS7006\n    return waitOneSecond().then(function (str) {\n        expect(str).to.eq('foo');\n        expect(waited).to.be[\"true\"];\n    });\n});",
              "err": {},
              "uuid": "955b1871-89de-472e-96eb-c92aab7bc258",
              "parentUUID": "c7f70c27-d174-4123-9555-7c82d7559971",
              "isHook": false,
              "skipped": false
            }
          ],
          "suites": [],
          "passes": [
            "f691a297-91bf-4533-baf3-4d074856cfe0",
            "99fe1fdd-4fed-49fc-880f-57ab27622d07",
            "649bf43a-fe3b-4328-8582-b5d1826890f8",
            "e79322ef-96f5-4d74-bbe0-c308fba43c53",
            "a52e1fae-6e26-44fd-8947-3db8d98979eb",
            "955b1871-89de-472e-96eb-c92aab7bc258"
          ],
          "failures": [],
          "pending": [],
          "skipped": [],
          "duration": 3255,
          "root": false,
          "rootEmpty": false,
          "_timeout": 2000
        }
      ],
      "passes": [],
      "failures": [],
      "pending": [],
      "skipped": [],
      "duration": 0,
      "root": true,
      "rootEmpty": true,
      "_timeout": 2000
    },
    {
      "uuid": "b50be5e4-236e-4e68-a628-f0e0afc7c326",
      "title": "",
      "fullFile": "cypress\\integration\\examples\\viewport.spec.js",
      "file": "cypress\\integration\\examples\\viewport.spec.js",
      "beforeHooks": [],
      "afterHooks": [],
      "tests": [],
      "suites": [
        {
          "uuid": "76c3e5af-3e29-4ce0-8adf-500097162132",
          "title": "Viewport",
          "fullFile": "",
          "file": "",
          "beforeHooks": [],
          "afterHooks": [],
          "tests": [
            {
              "title": "cy.viewport() - set the viewport size and dimension",
              "fullTitle": "Viewport cy.viewport() - set the viewport size and dimension",
              "timedOut": null,
              "duration": 3771,
              "state": "passed",
              "speed": "slow",
              "pass": true,
              "fail": false,
              "pending": false,
              "context": null,
              "code": "// https://on.cypress.io/viewport\ncy.get('#navbar').should('be.visible');\ncy.viewport(320, 480);\n// the navbar should have collapse since our screen is smaller\ncy.get('#navbar').should('not.be.visible');\ncy.get('.navbar-toggle').should('be.visible').click();\ncy.get('.nav').find('a').should('be.visible');\n// lets see what our app looks like on a super large screen\ncy.viewport(2999, 2999);\n// cy.viewport() accepts a set of preset sizes\n// to easily set the screen to a device's width and height\n// We added a cy.wait() between each viewport change so you can see\n// the change otherwise it is a little too fast to see :)\ncy.viewport('macbook-15');\ncy.wait(200);\ncy.viewport('macbook-13');\ncy.wait(200);\ncy.viewport('macbook-11');\ncy.wait(200);\ncy.viewport('ipad-2');\ncy.wait(200);\ncy.viewport('ipad-mini');\ncy.wait(200);\ncy.viewport('iphone-6+');\ncy.wait(200);\ncy.viewport('iphone-6');\ncy.wait(200);\ncy.viewport('iphone-5');\ncy.wait(200);\ncy.viewport('iphone-4');\ncy.wait(200);\ncy.viewport('iphone-3');\ncy.wait(200);\n// cy.viewport() accepts an orientation for all presets\n// the default orientation is 'portrait'\ncy.viewport('ipad-2', 'portrait');\ncy.wait(200);\ncy.viewport('iphone-4', 'landscape');\ncy.wait(200);\n// The viewport will be reset back to the default dimensions\n// in between tests (the  default can be set in cypress.json)",
              "err": {},
              "uuid": "a75fec8d-a78b-4d7e-a75c-9751671b867f",
              "parentUUID": "76c3e5af-3e29-4ce0-8adf-500097162132",
              "isHook": false,
              "skipped": false
            }
          ],
          "suites": [],
          "passes": [
            "a75fec8d-a78b-4d7e-a75c-9751671b867f"
          ],
          "failures": [],
          "pending": [],
          "skipped": [],
          "duration": 3771,
          "root": false,
          "rootEmpty": false,
          "_timeout": 2000
        }
      ],
      "passes": [],
      "failures": [],
      "pending": [],
      "skipped": [],
      "duration": 0,
      "root": true,
      "rootEmpty": true,
      "_timeout": 2000
    },
    {
      "uuid": "6bf45d59-8fc5-4632-a538-67f08445b3dd",
      "title": "",
      "fullFile": "cypress\\integration\\examples\\waiting.spec.js",
      "file": "cypress\\integration\\examples\\waiting.spec.js",
      "beforeHooks": [],
      "afterHooks": [],
      "tests": [],
      "suites": [
        {
          "uuid": "5ae870d0-b419-47dc-9fec-979ab6b09cc4",
          "title": "Waiting",
          "fullFile": "",
          "file": "",
          "beforeHooks": [],
          "afterHooks": [],
          "tests": [
            {
              "title": "cy.wait() - wait for a specific amount of time",
              "fullTitle": "Waiting cy.wait() - wait for a specific amount of time",
              "timedOut": null,
              "duration": 4918,
              "state": "passed",
              "speed": "slow",
              "pass": true,
              "fail": false,
              "pending": false,
              "context": null,
              "code": "cy.get('.wait-input1').type('Wait 1000ms after typing');\ncy.wait(1000);\ncy.get('.wait-input2').type('Wait 1000ms after typing');\ncy.wait(1000);\ncy.get('.wait-input3').type('Wait 1000ms after typing');\ncy.wait(1000);",
              "err": {},
              "uuid": "5514923e-ab99-4785-a0c9-440db556a1ab",
              "parentUUID": "5ae870d0-b419-47dc-9fec-979ab6b09cc4",
              "isHook": false,
              "skipped": false
            },
            {
              "title": "cy.wait() - wait for a specific route",
              "fullTitle": "Waiting cy.wait() - wait for a specific route",
              "timedOut": null,
              "duration": 1031,
              "state": "passed",
              "speed": "slow",
              "pass": true,
              "fail": false,
              "pending": false,
              "context": null,
              "code": "cy.server();\n// Listen to GET to comments/1\ncy.route('GET', 'comments/*').as('getComment');\n// we have code that gets a comment when\n// the button is clicked in scripts.js\ncy.get('.network-btn').click();\n// wait for GET comments/1\ncy.wait('@getComment').its('status').should('eq', 200);",
              "err": {},
              "uuid": "e47edfc5-d015-4c5a-91e7-b57f65f67f21",
              "parentUUID": "5ae870d0-b419-47dc-9fec-979ab6b09cc4",
              "isHook": false,
              "skipped": false
            }
          ],
          "suites": [],
          "passes": [
            "5514923e-ab99-4785-a0c9-440db556a1ab",
            "e47edfc5-d015-4c5a-91e7-b57f65f67f21"
          ],
          "failures": [],
          "pending": [],
          "skipped": [],
          "duration": 5949,
          "root": false,
          "rootEmpty": false,
          "_timeout": 2000
        }
      ],
      "passes": [],
      "failures": [],
      "pending": [],
      "skipped": [],
      "duration": 0,
      "root": true,
      "rootEmpty": true,
      "_timeout": 2000
    },
    {
      "uuid": "7f8b0c0e-5a45-4a17-804a-e02c485b8922",
      "title": "",
      "fullFile": "cypress\\integration\\examples\\window.spec.js",
      "file": "cypress\\integration\\examples\\window.spec.js",
      "beforeHooks": [],
      "afterHooks": [],
      "tests": [],
      "suites": [
        {
          "uuid": "e77ae05d-6d7f-4f47-8250-f26310e5f63e",
          "title": "Window",
          "fullFile": "",
          "file": "",
          "beforeHooks": [],
          "afterHooks": [],
          "tests": [
            {
              "title": "cy.window() - get the global window object",
              "fullTitle": "Window cy.window() - get the global window object",
              "timedOut": null,
              "duration": 643,
              "state": "passed",
              "speed": "slow",
              "pass": true,
              "fail": false,
              "pending": false,
              "context": null,
              "code": "// https://on.cypress.io/window\ncy.window().should('have.property', 'top');",
              "err": {},
              "uuid": "33e81896-91ff-4830-b9c8-ea89b1e88ee4",
              "parentUUID": "e77ae05d-6d7f-4f47-8250-f26310e5f63e",
              "isHook": false,
              "skipped": false
            },
            {
              "title": "cy.document() - get the document object",
              "fullTitle": "Window cy.document() - get the document object",
              "timedOut": null,
              "duration": 179,
              "state": "passed",
              "speed": "slow",
              "pass": true,
              "fail": false,
              "pending": false,
              "context": null,
              "code": "// https://on.cypress.io/document\ncy.document().should('have.property', 'charset').and('eq', 'UTF-8');",
              "err": {},
              "uuid": "da6f10c0-70fa-4cf5-97c8-102e40830d66",
              "parentUUID": "e77ae05d-6d7f-4f47-8250-f26310e5f63e",
              "isHook": false,
              "skipped": false
            },
            {
              "title": "cy.title() - get the title",
              "fullTitle": "Window cy.title() - get the title",
              "timedOut": null,
              "duration": 169,
              "state": "passed",
              "speed": "slow",
              "pass": true,
              "fail": false,
              "pending": false,
              "context": null,
              "code": "// https://on.cypress.io/title\ncy.title().should('include', 'Kitchen Sink');",
              "err": {},
              "uuid": "ae41a125-bb6a-430e-9c2a-efd75f0fe460",
              "parentUUID": "e77ae05d-6d7f-4f47-8250-f26310e5f63e",
              "isHook": false,
              "skipped": false
            }
          ],
          "suites": [],
          "passes": [
            "33e81896-91ff-4830-b9c8-ea89b1e88ee4",
            "da6f10c0-70fa-4cf5-97c8-102e40830d66",
            "ae41a125-bb6a-430e-9c2a-efd75f0fe460"
          ],
          "failures": [],
          "pending": [],
          "skipped": [],
          "duration": 991,
          "root": false,
          "rootEmpty": false,
          "_timeout": 2000
        }
      ],
      "passes": [],
      "failures": [],
      "pending": [],
      "skipped": [],
      "duration": 0,
      "root": true,
      "rootEmpty": true,
      "_timeout": 2000
    },
    {
      "uuid": "d014c51c-4ce2-4805-b760-88745ed802e3",
      "title": "",
      "fullFile": "cypress\\integration\\train\\test.spec.js",
      "file": "cypress\\integration\\train\\test.spec.js",
      "beforeHooks": [],
      "afterHooks": [],
      "tests": [],
      "suites": [
        {
          "uuid": "6a758f34-bc63-4681-b24c-01749dd417c5",
          "title": "Example suite",
          "fullFile": "",
          "file": "",
          "beforeHooks": [],
          "afterHooks": [],
          "tests": [
            {
              "title": "first test",
              "fullTitle": "Example suite first test",
              "timedOut": null,
              "duration": 3398,
              "state": "passed",
              "speed": "slow",
              "pass": true,
              "fail": false,
              "pending": false,
              "context": null,
              "code": "cy.get('[data-cy=\"signInButton\"]');\ncy.contains('Sign in');\ncy.contains('[status=\"warning\"]', 'Sign in');",
              "err": {},
              "uuid": "2a94ac8a-7017-494b-baf1-3edc52a191c5",
              "parentUUID": "6a758f34-bc63-4681-b24c-01749dd417c5",
              "isHook": false,
              "skipped": false
            },
            {
              "title": "second test",
              "fullTitle": "Example suite second test",
              "timedOut": null,
              "duration": 2085,
              "state": "passed",
              "speed": "slow",
              "pass": true,
              "fail": false,
              "pending": false,
              "context": null,
              "code": "cy.get('#inputEmail3')\n    .parents('form')\n    .find('button')\n    .should('contain', 'Sign in')\n    .parents('form')\n    .find('nb-checkbox')\n    .click();",
              "err": {},
              "uuid": "9e2c26ca-5789-4d53-89b2-56e88cd03a95",
              "parentUUID": "6a758f34-bc63-4681-b24c-01749dd417c5",
              "isHook": false,
              "skipped": false
            },
            {
              "title": "third test",
              "fullTitle": "Example suite third test",
              "timedOut": null,
              "duration": 1840,
              "state": "passed",
              "speed": "slow",
              "pass": true,
              "fail": false,
              "pending": false,
              "context": null,
              "code": "cy.contains('nb-card', 'Horizontal form')\n    .find('#inputEmail3')\n    .type('some email');",
              "err": {},
              "uuid": "93489872-97ce-4001-be3b-14e27ca3c4ba",
              "parentUUID": "6a758f34-bc63-4681-b24c-01749dd417c5",
              "isHook": false,
              "skipped": false
            }
          ],
          "suites": [],
          "passes": [
            "2a94ac8a-7017-494b-baf1-3edc52a191c5",
            "9e2c26ca-5789-4d53-89b2-56e88cd03a95",
            "93489872-97ce-4001-be3b-14e27ca3c4ba"
          ],
          "failures": [],
          "pending": [],
          "skipped": [],
          "duration": 7323,
          "root": false,
          "rootEmpty": false,
          "_timeout": 2000
        }
      ],
      "passes": [],
      "failures": [],
      "pending": [],
      "skipped": [],
      "duration": 0,
      "root": true,
      "rootEmpty": true,
      "_timeout": 2000
    },
    {
      "uuid": "7017dafd-3eba-4cea-a250-d9cafe1d69da",
      "title": "",
      "fullFile": "cypress\\integration\\train\\test.spec.js",
      "file": "cypress\\integration\\train\\test.spec.js",
      "beforeHooks": [],
      "afterHooks": [],
      "tests": [],
      "suites": [
        {
          "uuid": "4aed162a-25d9-4228-8ede-b5fcc50251ae",
          "title": "Example suite",
          "fullFile": "",
          "file": "",
          "beforeHooks": [],
          "afterHooks": [],
          "tests": [
            {
              "title": "first test",
              "fullTitle": "Example suite first test",
              "timedOut": null,
              "duration": 3691,
              "state": "passed",
              "speed": "slow",
              "pass": true,
              "fail": false,
              "pending": false,
              "context": null,
              "code": "cy.get('[data-cy=\"signInButton\"]');\ncy.contains('Sign in');\ncy.contains('[status=\"warning\"]', 'Sign in');",
              "err": {},
              "uuid": "7d3d80d0-7892-48c2-ade0-fa3e0c1b2bbb",
              "parentUUID": "4aed162a-25d9-4228-8ede-b5fcc50251ae",
              "isHook": false,
              "skipped": false
            },
            {
              "title": "second test",
              "fullTitle": "Example suite second test",
              "timedOut": null,
              "duration": 1988,
              "state": "passed",
              "speed": "slow",
              "pass": true,
              "fail": false,
              "pending": false,
              "context": null,
              "code": "cy.get('#inputEmail3')\n    .parents('form')\n    .find('button')\n    .should('contain', 'Sign in')\n    .parents('form')\n    .find('nb-checkbox')\n    .click();",
              "err": {},
              "uuid": "5404cbb3-553e-4062-82e7-a2fe210fe5f9",
              "parentUUID": "4aed162a-25d9-4228-8ede-b5fcc50251ae",
              "isHook": false,
              "skipped": false
            },
            {
              "title": "third test",
              "fullTitle": "Example suite third test",
              "timedOut": null,
              "duration": 2096,
              "state": "passed",
              "speed": "slow",
              "pass": true,
              "fail": false,
              "pending": false,
              "context": null,
              "code": "cy.contains('nb-card', 'Horizontal form')\n    .find('#inputEmail3')\n    .type('some email');",
              "err": {},
              "uuid": "a0317073-2228-4c49-b7db-59bfb9fe054d",
              "parentUUID": "4aed162a-25d9-4228-8ede-b5fcc50251ae",
              "isHook": false,
              "skipped": false
            }
          ],
          "suites": [],
          "passes": [
            "7d3d80d0-7892-48c2-ade0-fa3e0c1b2bbb",
            "5404cbb3-553e-4062-82e7-a2fe210fe5f9",
            "a0317073-2228-4c49-b7db-59bfb9fe054d"
          ],
          "failures": [],
          "pending": [],
          "skipped": [],
          "duration": 7775,
          "root": false,
          "rootEmpty": false,
          "_timeout": 2000
        }
      ],
      "passes": [],
      "failures": [],
      "pending": [],
      "skipped": [],
      "duration": 0,
      "root": true,
      "rootEmpty": true,
      "_timeout": 2000
    }
  ],
  "meta": {
    "mocha": {
      "version": "7.0.1"
    },
    "mochawesome": {
      "options": {
        "quiet": false,
        "reportFilename": "mochawesome",
        "saveHtml": false,
        "saveJson": true,
        "consoleReporter": "spec",
        "useInlineDiffs": false,
        "code": true
      },
      "version": "6.1.1"
    },
    "marge": {
      "options": {
        "id": "default",
        "reportDir": "cypress/results/mochawesome",
        "overwrite": false,
        "html": false,
        "json": true
      },
      "version": "5.1.0"
    }
  }
}